<?xml version="1.0" encoding="UTF-8"?>
<!-- Generated by org.testng.reporters.JUnitReportReporter -->
<testsuite skipped="0" hostname="SHARATH" name="Practice.Creatingaccount" tests="1" failures="0" timestamp="2020-12-23T23:10:17 IST" time="10.729" errors="0">
  <testcase name="fillacoountdetails" time="10.729" classname="Practice.Creatingaccount"/>
  <system-out/>
</testsuite> <!-- Practice.Creatingaccount -->
