<?xml version="1.0" encoding="UTF-8"?>
<!-- Generated by org.testng.reporters.JUnitReportReporter -->
<testsuite skipped="0" hostname="SHARATH" name="Practice.Creatingaccount" tests="1" failures="0" timestamp="2020-12-26T11:16:40 IST" time="11.920" errors="0">
  <testcase name="fillacoountdetails" time="11.920" classname="Practice.Creatingaccount"/>
  <system-out/>
</testsuite> <!-- Practice.Creatingaccount -->
