<?xml version="1.0" encoding="UTF-8"?>
<!-- Generated by org.testng.reporters.JUnitReportReporter -->
<testsuite skipped="0" hostname="SHARATH" name="Practice.Addingtocart" tests="1" failures="0" timestamp="2020-12-26T11:16:40 IST" time="20.915" errors="0">
  <testcase name="additemstocart" time="20.915" classname="Practice.Addingtocart"/>
  <system-out/>
</testsuite> <!-- Practice.Addingtocart -->
